[ 2016-06-01T08:34:17+08:00 ] ::1 /thinkcmftigo/themes/maje/Public/css/bootstrap.css.map
ERR: 无法加载控制器:Themes

[ 2016-06-01T08:35:50+08:00 ] ::1 /thinkcmftigo/themes/maje/Public/css/bootstrap.css.map
ERR: 无法加载控制器:Themes

[ 2016-06-01T08:35:56+08:00 ] ::1 /thinkcmftigo/themes/maje/Public/css/bootstrap.css.map
ERR: 无法加载控制器:Themes

[ 2016-06-01T09:49:47+08:00 ] ::1 /thinkcmftigo/index.php?g=portal&m=article&a=index&id=15
ERR: 1054:Unknown column 'tid' in 'where clause'
 [ SQL语句 ] : UPDATE `cmf_posts` SET `count`='12' WHERE ( tid=15 )

[ 2016-06-01T10:49:40+08:00 ] ::1 /thinkcmftigo/index.php?g=portal&m=article&a=index&id=15
ERR: 1066:Not unique table/alias: 'cmf_posts'
 [ SQL语句 ] : SELECT `count` FROM `cmf_posts` INNER JOIN cmf_posts ON cmf_term_relationships.object_id = cmf_posts.id  WHERE ( object_id=15 ) 

[ 2016-06-01T10:49:55+08:00 ] ::1 /thinkcmftigo/index.php?g=portal&m=article&a=index&id=15
ERR: 1066:Not unique table/alias: 'cmf_posts'
 [ SQL语句 ] : SELECT `count` FROM `cmf_posts` INNER JOIN cmf_posts ON cmf_term_relationships.object_id = cmf_posts.id  WHERE ( object_id=15 ) 

[ 2016-06-01T10:51:36+08:00 ] ::1 /thinkcmftigo/index.php?g=portal&m=article&a=index&id=15
ERR: 1146:Table 'tigo.posts' doesn't exist
 [ SQL语句 ] : SELECT `count` FROM `cmf_posts` INNER JOIN posts ON term_relationships.object_id = posts.id  WHERE ( object_id=15 ) 

[ 2016-06-01T10:52:09+08:00 ] ::1 /thinkcmftigo/index.php?g=portal&m=article&a=index&id=15
ERR: 1066:Not unique table/alias: 'cmf_posts'
 [ SQL语句 ] : SELECT `count` FROM `cmf_posts` INNER JOIN cmf_posts ON cmf_term_relationships.object_id = cmf_posts.id  WHERE ( object_id=15 ) 

[ 2016-06-01T11:24:14+08:00 ] ::1 /thinkcmftigo/index.php?g=portal&m=article&a=index&id=15
ERR: 1064:You have an error in your SQL syntax; check the manual that corresponds to your MySQL server version for the right syntax to use near '['object_id']; )' at line 1
 [ SQL语句 ] : UPDATE `cmf_posts` SET `count`='12' WHERE ( id= Array['object_id']; )

[ 2016-06-01T11:24:46+08:00 ] ::1 /thinkcmftigo/index.php?g=portal&m=article&a=index&id=15
ERR: 1064:You have an error in your SQL syntax; check the manual that corresponds to your MySQL server version for the right syntax to use near '; )' at line 1
 [ SQL语句 ] : UPDATE `cmf_posts` SET `count`='12' WHERE ( id=15; )

[ 2016-06-01T11:31:48+08:00 ] ::1 /thinkcmftigo/index.php?g=portal&m=article&a=index&id=15
ERR: 1054:Unknown column 'a.id' in 'on clause'
 [ SQL语句 ] : SELECT `count`,`object_id` FROM cmf_term_relationships a INNER JOIN cmf_posts b ON a.id = b.id  WHERE ( object_id=15 ) 

[ 2016-06-01T11:35:08+08:00 ] ::1 /thinkcmftigo/index.php?g=portal&m=article&a=index&id=15
ERR: 1064:You have an error in your SQL syntax; check the manual that corresponds to your MySQL server version for the right syntax to use near ')' at line 1
 [ SQL语句 ] : SELECT `count`,`object_id` FROM cmf_term_relationships a INNER JOIN cmf_posts b ON a.object_id = b.id  WHERE ( object_id= ) 

[ 2016-06-01T11:52:58+08:00 ] ::1 /thinkcmftigo/index.php?g=Portal&m=AdminPost&a=index&menuid=7
NOTIC: D方法实例化没找到模型类Portal\Model\PostsModel

[ 2016-06-01T11:53:03+08:00 ] ::1 /thinkcmftigo/index.php?g=&m=AdminPost&a=index
NOTIC: D方法实例化没找到模型类Portal\Model\PostsModel

[ 2016-06-01T11:58:47+08:00 ] ::1 /thinkcmftigo/index.php?g=&m=AdminPost&a=delete
INFO: [ app_begin ] --START--
INFO: Run Behavior\ReadHtmlCacheBehavior [ RunTime:0.001000s ]
INFO: Run Behavior\CheckLangBehavior [ RunTime:0.001000s ]
INFO: [ app_begin ] --END-- [ RunTime:0.002000s ]
SQL: SHOW COLUMNS FROM `cmf_users` [ RunTime:0.0030s ]
SQL: SELECT * FROM `cmf_users` WHERE ( id=1 ) LIMIT 1   [ RunTime:0.0010s ]
NOTIC: D方法实例化没找到模型类Portal\Model\PostsModel
SQL: SHOW COLUMNS FROM `cmf_posts` [ RunTime:0.0020s ]
SQL: SHOW COLUMNS FROM `cmf_terms` [ RunTime:0.0030s ]
SQL: SHOW COLUMNS FROM `cmf_term_relationships` [ RunTime:0.0030s ]
SQL: UPDATE `cmf_term_relationships` SET `status`='0' WHERE ( tid in (1,2,3,6,7,9,8) ) [ RunTime:0.0000s ]

[ 2016-06-01T11:58:48+08:00 ] ::1 /thinkcmftigo/index.php?g=&m=AdminPost&a=index
NOTIC: D方法实例化没找到模型类Portal\Model\PostsModel

[ 2016-06-01T11:58:53+08:00 ] ::1 /thinkcmftigo/index.php?g=&m=AdminPost&a=index
NOTIC: D方法实例化没找到模型类Portal\Model\PostsModel

[ 2016-06-01T11:59:02+08:00 ] ::1 /thinkcmftigo/index.php?g=&m=AdminTerm&a=delete&id=8
INFO: [ app_begin ] --START--
INFO: Run Behavior\ReadHtmlCacheBehavior [ RunTime:0.001000s ]
INFO: Run Behavior\CheckLangBehavior [ RunTime:0.001000s ]
INFO: [ app_begin ] --END-- [ RunTime:0.002000s ]
SQL: SHOW COLUMNS FROM `cmf_users` [ RunTime:0.0340s ]
SQL: SELECT * FROM `cmf_users` WHERE ( id=1 ) LIMIT 1   [ RunTime:0.0000s ]
SQL: SHOW COLUMNS FROM `cmf_terms` [ RunTime:0.0030s ]
SQL: SELECT COUNT(*) AS tp_count FROM `cmf_terms` WHERE `parent` = 8 LIMIT 1   [ RunTime:0.0010s ]
SQL: DELETE FROM `cmf_terms` WHERE `term_id` = 8 [ RunTime:0.0100s ]

[ 2016-06-01T12:03:35+08:00 ] ::1 /ThinkCMFtigo/themes/maje/Public/css/bootstrap.css.map
ERR: 无法加载控制器:Themes

[ 2016-06-01T12:05:12+08:00 ] ::1 /ThinkCMFtigo/themes/maje/Public/css/bootstrap.css.map
ERR: 无法加载控制器:Themes

[ 2016-06-01T12:06:12+08:00 ] ::1 /thinkcmftigo/index.php?g=Portal&m=AdminPage&a=index&menuid=25
NOTIC: D方法实例化没找到模型类Common\Model\PostsModel

[ 2016-06-01T12:06:24+08:00 ] ::1 /thinkcmftigo/index.php?g=&m=AdminPage&a=delete
INFO: [ app_begin ] --START--
INFO: Run Behavior\ReadHtmlCacheBehavior [ RunTime:0.001000s ]
INFO: Run Behavior\CheckLangBehavior [ RunTime:0.001000s ]
INFO: [ app_begin ] --END-- [ RunTime:0.004001s ]
SQL: SHOW COLUMNS FROM `cmf_users` [ RunTime:0.0030s ]
SQL: SELECT * FROM `cmf_users` WHERE ( id=1 ) LIMIT 1   [ RunTime:0.0010s ]
NOTIC: D方法实例化没找到模型类Common\Model\PostsModel
SQL: SHOW COLUMNS FROM `cmf_posts` [ RunTime:0.0030s ]
SQL: UPDATE `cmf_posts` SET `post_status`='0' WHERE ( id in (34,35,36,37) ) [ RunTime:0.0000s ]

[ 2016-06-01T12:06:25+08:00 ] ::1 /thinkcmftigo/index.php?g=Portal&m=AdminPage&a=index&menuid=25
NOTIC: D方法实例化没找到模型类Common\Model\PostsModel

[ 2016-06-01T12:57:45+08:00 ] ::1 /thinkcmftigo/index.php?g=Portal&m=AdminPost&a=index&menuid=7
NOTIC: D方法实例化没找到模型类Portal\Model\PostsModel

[ 2016-06-01T12:57:51+08:00 ] ::1 /thinkcmftigo/index.php?g=&m=AdminPost&a=index
NOTIC: D方法实例化没找到模型类Portal\Model\PostsModel

[ 2016-06-01T12:58:02+08:00 ] ::1 /thinkcmftigo/index.php?g=&m=AdminPost&a=index
NOTIC: D方法实例化没找到模型类Portal\Model\PostsModel

[ 2016-06-01T12:59:01+08:00 ] ::1 /thinkcmftigo/index.php?g=&m=AdminPost&a=index&term=1
NOTIC: D方法实例化没找到模型类Portal\Model\PostsModel

[ 2016-06-01T12:59:03+08:00 ] ::1 /thinkcmftigo/index.php?g=Portal&m=AdminPage&a=index&menuid=25
NOTIC: D方法实例化没找到模型类Common\Model\PostsModel

[ 2016-06-01T14:07:35+08:00 ] ::1 /thinkcmftigo/themes/maje/Public/css/bootstrap.css.map
ERR: 无法加载控制器:Themes

[ 2016-06-01T14:08:49+08:00 ] ::1 /thinkcmftigo/themes/maje/Public/css/bootstrap.css.map
ERR: 无法加载控制器:Themes

[ 2016-06-01T14:09:17+08:00 ] ::1 /thinkcmftigo/themes/maje/Public/css/bootstrap.css.map
ERR: 无法加载控制器:Themes

[ 2016-06-01T14:11:18+08:00 ] ::1 /thinkcmftigo/themes/maje/Public/css/bootstrap.css.map
ERR: 无法加载控制器:Themes

[ 2016-06-01T14:12:07+08:00 ] ::1 /thinkcmftigo/themes/maje/Public/css/bootstrap.css.map
ERR: 无法加载控制器:Themes

[ 2016-06-01T14:14:45+08:00 ] ::1 /thinkcmftigo/themes/maje/Public/css/bootstrap.css.map
ERR: 无法加载控制器:Themes

[ 2016-06-01T15:28:01+08:00 ] ::1 /thinkcmftigo/themes/maje/Public/css/bootstrap.css.map
ERR: 无法加载控制器:Themes

[ 2016-06-01T15:35:02+08:00 ] ::1 /ThinkCMFtigo/themes/maje/Public/css/bootstrap.css.map
ERR: 无法加载控制器:Themes

[ 2016-06-01T15:35:53+08:00 ] ::1 /ThinkCMFtigo/themes/maje/Public/css/bootstrap.css.map
ERR: 无法加载控制器:Themes

[ 2016-06-01T15:41:30+08:00 ] ::1 /ThinkCMFtigo/themes/maje/Public/css/bootstrap.css.map
ERR: 无法加载控制器:Themes

[ 2016-06-01T15:43:40+08:00 ] ::1 /ThinkCMFtigo/themes/maje/Public/css/bootstrap.css.map
ERR: 无法加载控制器:Themes

[ 2016-06-01T15:44:23+08:00 ] ::1 /ThinkCMFtigo/themes/maje/Public/css/bootstrap.css.map
ERR: 无法加载控制器:Themes

[ 2016-06-01T15:45:25+08:00 ] ::1 /ThinkCMFtigo/themes/maje/Public/css/bootstrap.css.map
ERR: 无法加载控制器:Themes

[ 2016-06-01T15:46:30+08:00 ] ::1 /ThinkCMFtigo/themes/maje/Public/css/bootstrap.css.map
ERR: 无法加载控制器:Themes

[ 2016-06-01T15:48:57+08:00 ] ::1 /ThinkCMFtigo/themes/maje/Public/css/bootstrap.css.map
ERR: 无法加载控制器:Themes

[ 2016-06-01T15:51:19+08:00 ] ::1 /ThinkCMFtigo/themes/maje/Public/css/bootstrap.css.map
ERR: 无法加载控制器:Themes

[ 2016-06-01T15:52:54+08:00 ] ::1 /ThinkCMFtigo/themes/maje/Public/css/bootstrap.css.map
ERR: 无法加载控制器:Themes

[ 2016-06-01T15:55:54+08:00 ] ::1 /ThinkCMFtigo/themes/maje/Public/css/bootstrap.css.map
ERR: 无法加载控制器:Themes

[ 2016-06-01T15:57:02+08:00 ] ::1 /thinkcmftigo/themes/maje/Public/css/bootstrap.css.map
ERR: 无法加载控制器:Themes

[ 2016-06-01T15:58:33+08:00 ] ::1 /thinkcmftigo/themes/maje/Public/css/bootstrap.css.map
ERR: 无法加载控制器:Themes

[ 2016-06-01T15:58:35+08:00 ] ::1 /thinkcmftigo/themes/maje/Public/css/bootstrap.css.map
ERR: 无法加载控制器:Themes

[ 2016-06-01T15:58:37+08:00 ] ::1 /thinkcmftigo/themes/maje/Public/css/bootstrap.css.map
ERR: 无法加载控制器:Themes

[ 2016-06-01T15:58:39+08:00 ] ::1 /thinkcmftigo/themes/maje/Public/css/bootstrap.css.map
ERR: 无法加载控制器:Themes

[ 2016-06-01T16:19:22+08:00 ] ::1 /thinkcmftigo/themes/maje/Public/css/bootstrap.css.map
ERR: 无法加载控制器:Themes

[ 2016-06-01T16:21:09+08:00 ] ::1 /thinkcmftigo/themes/maje/Public/css/bootstrap.css.map
ERR: 无法加载控制器:Themes

[ 2016-06-01T16:22:01+08:00 ] ::1 /thinkcmftigo/themes/maje/Public/css/bootstrap.css.map
ERR: 无法加载控制器:Themes

[ 2016-06-01T16:24:03+08:00 ] ::1 /thinkcmftigo/themes/maje/Public/css/bootstrap.css.map
ERR: 无法加载控制器:Themes

[ 2016-06-01T16:30:09+08:00 ] ::1 /thinkcmftigo/themes/maje/Public/css/bootstrap.css.map
ERR: 无法加载控制器:Themes

[ 2016-06-01T16:30:45+08:00 ] ::1 /thinkcmftigo/themes/maje/Public/css/bootstrap.css.map
ERR: 无法加载控制器:Themes

[ 2016-06-01T16:32:02+08:00 ] ::1 /thinkcmftigo/themes/maje/Public/css/bootstrap.css.map
ERR: 无法加载控制器:Themes

[ 2016-06-01T16:32:27+08:00 ] ::1 /thinkcmftigo/themes/maje/Public/css/bootstrap.css.map
ERR: 无法加载控制器:Themes

[ 2016-06-01T16:32:58+08:00 ] ::1 /thinkcmftigo/themes/maje/Public/css/bootstrap.css.map
ERR: 无法加载控制器:Themes

[ 2016-06-01T16:37:48+08:00 ] ::1 /thinkcmftigo/themes/maje/Public/css/bootstrap.css.map
ERR: 无法加载控制器:Themes

[ 2016-06-01T16:38:10+08:00 ] ::1 /thinkcmftigo/themes/maje/Public/css/bootstrap.css.map
ERR: 无法加载控制器:Themes

[ 2016-06-01T16:40:34+08:00 ] ::1 /thinkcmftigo/themes/maje/Public/css/bootstrap.css.map
ERR: 无法加载控制器:Themes

